[
    {
        "Id": "291c510bf7d59e405c51b5d9753cbaa98e03d8339b2f99964fe39b54db2c547b",
        "Created": "2021-09-09T17:00:58.408220309Z",
        "Path": "/bin/bash",
        "Args": [],
        "State": {
            "Status": "running",
            "Running": true,
            "Paused": false,
            "Restarting": false,
            "OOMKilled": false,
            "Dead": false,
            "Pid": 152351,
            "ExitCode": 0,
            "Error": "",
            "StartedAt": "2021-09-09T17:09:08.052205242Z",
            "FinishedAt": "2021-09-09T17:03:39.374181815Z"
        },
        "Image": "sha256:b6f50765242581c887ff1acc2511fa2d885c52d8fb3ac8c4bba131fd86567f2e",
        "ResolvConfPath": "/var/lib/docker/containers/291c510bf7d59e405c51b5d9753cbaa98e03d8339b2f99964fe39b54db2c547b/resolv.conf",
        "HostnamePath": "/var/lib/docker/containers/291c510bf7d59e405c51b5d9753cbaa98e03d8339b2f99964fe39b54db2c547b/hostname",
        "HostsPath": "/var/lib/docker/containers/291c510bf7d59e405c51b5d9753cbaa98e03d8339b2f99964fe39b54db2c547b/hosts",
        "LogPath": "/var/lib/docker/containers/291c510bf7d59e405c51b5d9753cbaa98e03d8339b2f99964fe39b54db2c547b/291c510bf7d59e405c51b5d9753cbaa98e03d8339b2f99964fe39b54db2c547b-json.log",
        "Name": "/beautiful_ardinghelli",
        "RestartCount": 0,
        "Driver": "overlay2",
        "Platform": "linux",
        "MountLabel": "",
        "ProcessLabel": "",
        "AppArmorProfile": "docker-default",
        "ExecIDs": null,
        "HostConfig": {
            "Binds": null,
            "ContainerIDFile": "",
            "LogConfig": {
                "Type": "json-file",
                "Config": {}
            },
            "NetworkMode": "default",
            "PortBindings": {},
            "RestartPolicy": {
                "Name": "no",
                "MaximumRetryCount": 0
            },
            "AutoRemove": false,
            "VolumeDriver": "",
            "VolumesFrom": null,
            "CapAdd": null,
            "CapDrop": null,
            "CgroupnsMode": "host",
            "Dns": [],
            "DnsOptions": [],
            "DnsSearch": [],
            "ExtraHosts": null,
            "GroupAdd": null,
            "IpcMode": "private",
            "Cgroup": "",
            "Links": null,
            "OomScoreAdj": 0,
            "PidMode": "",
            "Privileged": false,
            "PublishAllPorts": false,
            "ReadonlyRootfs": false,
            "SecurityOpt": null,
            "UTSMode": "",
            "UsernsMode": "",
            "ShmSize": 67108864,
            "Runtime": "runc",
            "ConsoleSize": [
                0,
                0
            ],
            "Isolation": "",
            "CpuShares": 0,
            "Memory": 0,
            "NanoCpus": 0,
            "CgroupParent": "",
            "BlkioWeight": 0,
            "BlkioWeightDevice": [],
            "BlkioDeviceReadBps": null,
            "BlkioDeviceWriteBps": null,
            "BlkioDeviceReadIOps": null,
            "BlkioDeviceWriteIOps": null,
            "CpuPeriod": 0,
            "CpuQuota": 0,
            "CpuRealtimePeriod": 0,
            "CpuRealtimeRuntime": 0,
            "CpusetCpus": "",
            "CpusetMems": "",
            "Devices": [],
            "DeviceCgroupRules": null,
            "DeviceRequests": null,
            "KernelMemory": 0,
            "KernelMemoryTCP": 0,
            "MemoryReservation": 0,
            "MemorySwap": 0,
            "MemorySwappiness": null,
            "OomKillDisable": false,
            "PidsLimit": null,
            "Ulimits": null,
            "CpuCount": 0,
            "CpuPercent": 0,
            "IOMaximumIOps": 0,
            "IOMaximumBandwidth": 0,
            "MaskedPaths": [
                "/proc/asound",
                "/proc/acpi",
                "/proc/kcore",
                "/proc/keys",
                "/proc/latency_stats",
                "/proc/timer_list",
                "/proc/timer_stats",
                "/proc/sched_debug",
                "/proc/scsi",
                "/sys/firmware"
            ],
            "ReadonlyPaths": [
                "/proc/bus",
                "/proc/fs",
                "/proc/irq",
                "/proc/sys",
                "/proc/sysrq-trigger"
            ]
        },
        "GraphDriver": {
            "Data": {
                "LowerDir": "/var/lib/docker/overlay2/0e557855f27ad817c62ba1edc12a79095e6b3b7fd33539a09676f8c3ffe521f6-init/diff:/var/lib/docker/overlay2/d84796c8200c00c502c9dd83d916955e34fa5fdf8959fd4e7c91ba3b1cd1188e/diff:/var/lib/docker/overlay2/339de0eed84bdbb73379d794d495b994de87b288f3db1731232c985d3821f6ce/diff:/var/lib/docker/overlay2/af41e935e975aa293de6fb12da3e0b1e3a015559861b9f0767b050c2b210f0b1/diff:/var/lib/docker/overlay2/8c39c287913629fd6d717c44cc5adbb517b008ff1a797b04efd8cff20c2f2097/diff",
                "MergedDir": "/var/lib/docker/overlay2/0e557855f27ad817c62ba1edc12a79095e6b3b7fd33539a09676f8c3ffe521f6/merged",
                "UpperDir": "/var/lib/docker/overlay2/0e557855f27ad817c62ba1edc12a79095e6b3b7fd33539a09676f8c3ffe521f6/diff",
                "WorkDir": "/var/lib/docker/overlay2/0e557855f27ad817c62ba1edc12a79095e6b3b7fd33539a09676f8c3ffe521f6/work"
            },
            "Name": "overlay2"
        },
        "Mounts": [],
        "Config": {
            "Hostname": "291c510bf7d5",
            "Domainname": "",
            "User": "",
            "AttachStdin": true,
            "AttachStdout": true,
            "AttachStderr": true,
            "Tty": true,
            "OpenStdin": true,
            "StdinOnce": true,
            "Env": [
                "PATH=/usr/local/sbin:/usr/local/bin:/usr/sbin:/usr/bin:/sbin:/bin"
            ],
            "Cmd": [
                "/bin/bash"
            ],
            "Image": "ubuntu:16.04",
            "Volumes": null,
            "WorkingDir": "",
            "Entrypoint": null,
            "OnBuild": null,
            "Labels": {}
        },
        "NetworkSettings": {
            "Bridge": "",
            "SandboxID": "b62a35bce4cc8136cc92921e07c272b2492b2bc81a0b8f7940c309601fa5d56c",
            "HairpinMode": false,
            "LinkLocalIPv6Address": "",
            "LinkLocalIPv6PrefixLen": 0,
            "Ports": {},
            "SandboxKey": "/var/run/docker/netns/b62a35bce4cc",
            "SecondaryIPAddresses": null,
            "SecondaryIPv6Addresses": null,
            "EndpointID": "b36a620de818d536da97dc8073293a7c458283f04de6cbe10708a1ee42b4dc2b",
            "Gateway": "172.17.0.1",
            "GlobalIPv6Address": "",
            "GlobalIPv6PrefixLen": 0,
            "IPAddress": "172.17.0.2",
            "IPPrefixLen": 16,
            "IPv6Gateway": "",
            "MacAddress": "02:42:ac:11:00:02",
            "Networks": {
                "bridge": {
                    "IPAMConfig": null,
                    "Links": null,
                    "Aliases": null,
                    "NetworkID": "365cc77af8a06982eef4a57c0a9f8de80f582f7f4487ef6d5797074916a73109",
                    "EndpointID": "b36a620de818d536da97dc8073293a7c458283f04de6cbe10708a1ee42b4dc2b",
                    "Gateway": "172.17.0.1",
                    "IPAddress": "172.17.0.2",
                    "IPPrefixLen": 16,
                    "IPv6Gateway": "",
                    "GlobalIPv6Address": "",
                    "GlobalIPv6PrefixLen": 0,
                    "MacAddress": "02:42:ac:11:00:02",
                    "DriverOpts": null
                }
            }
        }
    }
]
